Password: 
pg_dump: error: connection to server at "postgres" (172.20.0.2), port 5432 failed: fe_sendauth: no password supplied
Password: 
pg_dump: error: connection to server at "postgres" (172.20.0.2), port 5432 failed: fe_sendauth: no password supplied
Password: 
pg_dump: error: connection to server at "postgres" (172.20.0.2), port 5432 failed: fe_sendauth: no password supplied
Password: 
pg_dump: error: connection to server at "postgres" (172.20.0.2), port 5432 failed: fe_sendauth: no password supplied
Password: 
pg_dump: error: connection to server at "postgres" (172.20.0.2), port 5432 failed: fe_sendauth: no password supplied
Password: 
pg_dump: error: connection to server at "postgres" (172.20.0.2), port 5432 failed: fe_sendauth: no password supplied
Password: 
pg_dump: error: connection to server at "postgres" (172.20.0.2), port 5432 failed: fe_sendauth: no password supplied
Password: 
pg_dump: error: connection to server at "postgres" (172.20.0.2), port 5432 failed: fe_sendauth: no password supplied
Password: 
pg_dump: error: connection to server at "postgres" (172.20.0.2), port 5432 failed: fe_sendauth: no password supplied
Thu Feb  5 04:43:41 PM UTC 2026 ✅ Backup OK: /backups/ecocanje_db_20260205_164341.sql
Thu Feb  5 16:44:01 UTC 2026 ✅ Backup OK: /backups/ecocanje_db_20260205_164401.sql
Thu Feb  5 16:45:01 UTC 2026 ✅ Backup OK: /backups/ecocanje_db_20260205_164501.sql
Thu Feb  5 16:46:01 UTC 2026 ✅ Backup OK: /backups/ecocanje_db_20260205_164601.sql
Thu Feb  5 16:47:01 UTC 2026 ✅ Backup OK: /backups/ecocanje_db_20260205_164701.sql
Thu Feb  5 16:48:01 UTC 2026 ✅ Backup OK: /backups/ecocanje_db_20260205_164801.sql
Thu Feb  5 16:49:01 UTC 2026 ✅ Backup OK: /backups/ecocanje_db_20260205_164901.sql
Thu Feb  5 16:50:01 UTC 2026 ✅ Backup OK: /backups/ecocanje_db_20260205_165001.sql
Thu Feb  5 16:51:01 UTC 2026 ✅ Backup OK: /backups/ecocanje_db_20260205_165101.sql
Thu Feb  5 16:52:01 UTC 2026 ✅ Backup OK: /backups/ecocanje_db_20260205_165201.sql
Thu Feb  5 16:53:01 UTC 2026 ✅ Backup OK: /backups/ecocanje_db_20260205_165301.sql
Thu Feb  5 16:54:01 UTC 2026 ✅ Backup OK: /backups/ecocanje_db_20260205_165401.sql
Thu Feb  5 16:55:01 UTC 2026 ✅ Backup OK: /backups/ecocanje_db_20260205_165501.sql
Thu Feb  5 17:00:01 UTC 2026 ✅ Backup OK: /backups/ecocanje_db_20260205_170001.sql
Thu Feb  5 18:00:01 UTC 2026 ✅ Backup OK: /backups/ecocanje_db_20260205_180001.sql
Password: 
pg_dump: error: connection to server at "postgres" (172.20.0.2), port 5432 failed: fe_sendauth: no password supplied
Password: 
pg_dump: error: connection to server at "postgres" (172.20.0.2), port 5432 failed: fe_sendauth: no password supplied
Password: 
pg_dump: error: connection to server at "postgres" (172.20.0.2), port 5432 failed: fe_sendauth: no password supplied
Password: 
pg_dump: error: connection to server at "postgres" (172.20.0.2), port 5432 failed: fe_sendauth: no password supplied
Password: 
pg_dump: error: connection to server at "postgres" (172.20.0.2), port 5432 failed: fe_sendauth: no password supplied
Password: 
pg_dump: error: connection to server at "postgres" (172.20.0.2), port 5432 failed: fe_sendauth: no password supplied
Password: 
pg_dump: error: connection to server at "postgres" (172.20.0.2), port 5432 failed: fe_sendauth: no password supplied
Password: 
pg_dump: error: connection to server at "postgres" (172.20.0.2), port 5432 failed: fe_sendauth: no password supplied
Password: 
pg_dump: error: connection to server at "postgres" (172.20.0.2), port 5432 failed: fe_sendauth: no password supplied
Password: 
pg_dump: error: connection to server at "postgres" (172.20.0.2), port 5432 failed: fe_sendauth: no password supplied
Password: 
pg_dump: error: connection to server at "postgres" (172.20.0.2), port 5432 failed: fe_sendauth: no password supplied
Password: 
pg_dump: error: connection to server at "postgres" (172.20.0.2), port 5432 failed: fe_sendauth: no password supplied
Password: 
pg_dump: error: connection to server at "postgres" (172.20.0.2), port 5432 failed: fe_sendauth: no password supplied
Password: 
pg_dump: error: connection to server at "postgres" (172.20.0.2), port 5432 failed: fe_sendauth: no password supplied
Password: 
pg_dump: error: connection to server at "postgres" (172.20.0.2), port 5432 failed: fe_sendauth: no password supplied
Password: 
pg_dump: error: connection to server at "postgres" (172.20.0.2), port 5432 failed: fe_sendauth: no password supplied
Password: 
pg_dump: error: connection to server at "postgres" (172.20.0.2), port 5432 failed: fe_sendauth: no password supplied
Password: 
pg_dump: error: connection to server at "postgres" (172.20.0.2), port 5432 failed: fe_sendauth: no password supplied
Password: 
pg_dump: error: connection to server at "postgres" (172.20.0.2), port 5432 failed: fe_sendauth: no password supplied
Password: 
pg_dump: error: connection to server at "postgres" (172.20.0.2), port 5432 failed: fe_sendauth: no password supplied
Password: 
pg_dump: error: connection to server at "postgres" (172.20.0.2), port 5432 failed: fe_sendauth: no password supplied
Password: 
pg_dump: error: connection to server at "postgres" (172.20.0.2), port 5432 failed: fe_sendauth: no password supplied
Password: 
pg_dump: error: connection to server at "postgres" (172.20.0.2), port 5432 failed: fe_sendauth: no password supplied
Password: 
pg_dump: error: connection to server at "postgres" (172.20.0.2), port 5432 failed: fe_sendauth: no password supplied
Password: 
pg_dump: error: connection to server at "postgres" (172.20.0.2), port 5432 failed: fe_sendauth: no password supplied
Password: 
pg_dump: error: connection to server at "postgres" (172.20.0.2), port 5432 failed: fe_sendauth: no password supplied
Password: 
pg_dump: error: connection to server at "postgres" (172.20.0.2), port 5432 failed: fe_sendauth: no password supplied
Password: 
pg_dump: error: connection to server at "postgres" (172.20.0.2), port 5432 failed: fe_sendauth: no password supplied
Password: 
pg_dump: error: connection to server at "postgres" (172.20.0.2), port 5432 failed: fe_sendauth: no password supplied
Password: 
pg_dump: error: connection to server at "postgres" (172.20.0.2), port 5432 failed: fe_sendauth: no password supplied
/backup.sh: line 15: PGDATABASE: unbound variable
/backup.sh: line 15: PGDATABASE: unbound variable
/backup.sh: line 15: PGDATABASE: unbound variable
/backup.sh: line 15: PGDATABASE: unbound variable
[Thu Feb  5 20:48:01 UTC 2026] Iniciando backup de ecocanje_db en postgres:5432 con usuario postgres
[Thu Feb  5 20:48:01 UTC 2026] Backup exitoso: ecocanje_db_20260205_204801.sql
[Thu Feb  5 20:49:01 UTC 2026] Iniciando backup de ecocanje_db en postgres:5432 con usuario postgres
[Thu Feb  5 20:49:02 UTC 2026] Backup exitoso: ecocanje_db_20260205_204901.sql
[Thu Feb  5 20:50:01 UTC 2026] Iniciando backup de ecocanje_db en postgres:5432 con usuario postgres
[Thu Feb  5 20:50:01 UTC 2026] Backup exitoso: ecocanje_db_20260205_205001.sql
[Thu Feb  5 20:51:01 UTC 2026] Iniciando backup de ecocanje_db en postgres:5432 con usuario postgres
[Thu Feb  5 20:51:01 UTC 2026] Backup exitoso: ecocanje_db_20260205_205101.sql
[Thu Feb  5 20:52:01 UTC 2026] Iniciando backup de ecocanje_db en postgres:5432 con usuario postgres
[Thu Feb  5 20:52:01 UTC 2026] Backup exitoso: ecocanje_db_20260205_205201.sql
[Thu Feb  5 20:53:01 UTC 2026] Iniciando backup de ecocanje_db en postgres:5432 con usuario postgres
[Thu Feb  5 20:53:01 UTC 2026] Backup exitoso: ecocanje_db_20260205_205301.sql
[Thu Feb  5 20:54:01 UTC 2026] Iniciando backup de ecocanje_db en postgres:5432 con usuario postgres
[Thu Feb  5 20:54:01 UTC 2026] Backup exitoso: ecocanje_db_20260205_205401.sql
[Thu Feb  5 20:55:01 UTC 2026] Iniciando backup de ecocanje_db en postgres:5432 con usuario postgres
[Thu Feb  5 20:55:02 UTC 2026] Backup exitoso: ecocanje_db_20260205_205501.sql
[Thu Feb  5 20:56:01 UTC 2026] Iniciando backup de ecocanje_db en postgres:5432 con usuario postgres
[Thu Feb  5 20:56:01 UTC 2026] Backup exitoso: ecocanje_db_20260205_205601.sql
[Thu Feb  5 20:57:01 UTC 2026] Iniciando backup de ecocanje_db en postgres:5432 con usuario postgres
[Thu Feb  5 20:57:01 UTC 2026] Backup exitoso: ecocanje_db_20260205_205701.sql
[Thu Feb  5 20:58:01 UTC 2026] Iniciando backup de ecocanje_db en postgres:5432 con usuario postgres
[Thu Feb  5 20:58:01 UTC 2026] Backup exitoso: ecocanje_db_20260205_205801.sql
[Thu Feb  5 20:59:01 UTC 2026] Iniciando backup de ecocanje_db en postgres:5432 con usuario postgres
[Thu Feb  5 20:59:02 UTC 2026] Backup exitoso: ecocanje_db_20260205_205901.sql
[Thu Feb  5 21:00:01 UTC 2026] Iniciando backup de ecocanje_db en postgres:5432 con usuario postgres
[Thu Feb  5 21:00:01 UTC 2026] Backup exitoso: ecocanje_db_20260205_210001.sql
[Thu Feb  5 21:01:01 UTC 2026] Iniciando backup de ecocanje_db en postgres:5432 con usuario postgres
[Thu Feb  5 21:01:01 UTC 2026] Backup exitoso: ecocanje_db_20260205_210101.sql
[Thu Feb  5 21:02:01 UTC 2026] Iniciando backup de ecocanje_db en postgres:5432 con usuario postgres
[Thu Feb  5 21:02:01 UTC 2026] Backup exitoso: ecocanje_db_20260205_210201.sql
[Thu Feb  5 21:03:01 UTC 2026] Iniciando backup de ecocanje_db en postgres:5432 con usuario postgres
[Thu Feb  5 21:03:01 UTC 2026] Backup exitoso: ecocanje_db_20260205_210301.sql
[Thu Feb  5 21:04:01 UTC 2026] Iniciando backup de ecocanje_db en postgres:5432 con usuario postgres
[Thu Feb  5 21:04:01 UTC 2026] Backup exitoso: ecocanje_db_20260205_210401.sql
[Thu Feb  5 21:05:01 UTC 2026] Iniciando backup de ecocanje_db en postgres:5432 con usuario postgres
[Thu Feb  5 21:05:01 UTC 2026] Backup exitoso: ecocanje_db_20260205_210501.sql
[Thu Feb  5 21:06:01 UTC 2026] Iniciando backup de ecocanje_db en postgres:5432 con usuario postgres
[Thu Feb  5 21:06:01 UTC 2026] Backup exitoso: ecocanje_db_20260205_210601.sql
[Thu Feb  5 21:07:01 UTC 2026] Iniciando backup de ecocanje_db en postgres:5432 con usuario postgres
[Thu Feb  5 21:07:02 UTC 2026] Backup exitoso: ecocanje_db_20260205_210701.sql
[Thu Feb  5 21:08:01 UTC 2026] Iniciando backup de ecocanje_db en postgres:5432 con usuario postgres
[Thu Feb  5 21:08:01 UTC 2026] Backup exitoso: ecocanje_db_20260205_210801.sql
[Thu Feb  5 21:09:01 UTC 2026] Iniciando backup de ecocanje_db en postgres:5432 con usuario postgres
[Thu Feb  5 21:09:01 UTC 2026] Backup exitoso: ecocanje_db_20260205_210901.sql
[Thu Feb  5 21:10:01 UTC 2026] Iniciando backup de ecocanje_db en postgres:5432 con usuario postgres
[Thu Feb  5 21:10:01 UTC 2026] Backup exitoso: ecocanje_db_20260205_211001.sql
[Thu Feb  5 21:11:01 UTC 2026] Iniciando backup de ecocanje_db en postgres:5432 con usuario postgres
[Thu Feb  5 21:11:01 UTC 2026] Backup exitoso: ecocanje_db_20260205_211101.sql
[Thu Feb  5 21:12:01 UTC 2026] Iniciando backup de ecocanje_db en postgres:5432 con usuario postgres
[Thu Feb  5 21:12:01 UTC 2026] Backup exitoso: ecocanje_db_20260205_211201.sql
[Thu Feb  5 21:13:01 UTC 2026] Iniciando backup de ecocanje_db en postgres:5432 con usuario postgres
[Thu Feb  5 21:13:01 UTC 2026] Backup exitoso: ecocanje_db_20260205_211301.sql
[Thu Feb  5 21:14:01 UTC 2026] Iniciando backup de ecocanje_db en postgres:5432 con usuario postgres
[Thu Feb  5 21:14:01 UTC 2026] Backup exitoso: ecocanje_db_20260205_211401.sql
[Thu Feb  5 21:15:02 UTC 2026] Iniciando backup de ecocanje_db en postgres:5432 con usuario postgres
[Thu Feb  5 21:15:02 UTC 2026] Backup exitoso: ecocanje_db_20260205_211502.sql
[Thu Feb  5 21:16:01 UTC 2026] Iniciando backup de ecocanje_db en postgres:5432 con usuario postgres
[Thu Feb  5 21:16:01 UTC 2026] Backup exitoso: ecocanje_db_20260205_211601.sql
[Thu Feb  5 21:17:01 UTC 2026] Iniciando backup de ecocanje_db en postgres:5432 con usuario postgres
[Thu Feb  5 21:17:01 UTC 2026] Backup exitoso: ecocanje_db_20260205_211701.sql
[Thu Feb  5 21:18:01 UTC 2026] Iniciando backup de ecocanje_db en postgres:5432 con usuario postgres
[Thu Feb  5 21:18:02 UTC 2026] Backup exitoso: ecocanje_db_20260205_211801.sql
[Thu Feb  5 21:19:01 UTC 2026] Iniciando backup de ecocanje_db en postgres:5432 con usuario postgres
[Thu Feb  5 21:19:01 UTC 2026] Backup exitoso: ecocanje_db_20260205_211901.sql
[Thu Feb  5 21:20:01 UTC 2026] Iniciando backup de ecocanje_db en postgres:5432 con usuario postgres
[Thu Feb  5 21:20:01 UTC 2026] Backup exitoso: ecocanje_db_20260205_212001.sql
[Thu Feb  5 21:21:01 UTC 2026] Iniciando backup de ecocanje_db en postgres:5432 con usuario postgres
[Thu Feb  5 21:21:02 UTC 2026] Backup exitoso: ecocanje_db_20260205_212101.sql
[Thu Feb  5 21:22:01 UTC 2026] Iniciando backup de ecocanje_db en postgres:5432 con usuario postgres
[Thu Feb  5 21:22:01 UTC 2026] Backup exitoso: ecocanje_db_20260205_212201.sql
[Thu Feb  5 21:23:01 UTC 2026] Iniciando backup de ecocanje_db en postgres:5432 con usuario postgres
[Thu Feb  5 21:23:01 UTC 2026] Backup exitoso: ecocanje_db_20260205_212301.sql
[Thu Feb  5 21:24:01 UTC 2026] Iniciando backup de ecocanje_db en postgres:5432 con usuario postgres
[Thu Feb  5 21:24:01 UTC 2026] Backup exitoso: ecocanje_db_20260205_212401.sql
[Thu Feb  5 21:25:02 UTC 2026] Iniciando backup de ecocanje_db en postgres:5432 con usuario postgres
[Thu Feb  5 21:25:02 UTC 2026] Backup exitoso: ecocanje_db_20260205_212502.sql
[Thu Feb  5 21:26:01 UTC 2026] Iniciando backup de ecocanje_db en postgres:5432 con usuario postgres
[Thu Feb  5 21:26:01 UTC 2026] Backup exitoso: ecocanje_db_20260205_212601.sql
[Thu Feb  5 21:27:01 UTC 2026] Iniciando backup de ecocanje_db en postgres:5432 con usuario postgres
[Thu Feb  5 21:27:02 UTC 2026] Backup exitoso: ecocanje_db_20260205_212701.sql
[Thu Feb  5 21:28:01 UTC 2026] Iniciando backup de ecocanje_db en postgres:5432 con usuario postgres
[Thu Feb  5 21:28:01 UTC 2026] Backup exitoso: ecocanje_db_20260205_212801.sql
[Thu Feb  5 21:29:01 UTC 2026] Iniciando backup de ecocanje_db en postgres:5432 con usuario postgres
[Thu Feb  5 21:29:01 UTC 2026] Backup exitoso: ecocanje_db_20260205_212901.sql
[Thu Feb  5 21:30:01 UTC 2026] Iniciando backup de ecocanje_db en postgres:5432 con usuario postgres
[Thu Feb  5 21:30:01 UTC 2026] Backup exitoso: ecocanje_db_20260205_213001.sql
[Thu Feb  5 21:31:01 UTC 2026] Iniciando backup de ecocanje_db en postgres:5432 con usuario postgres
[Thu Feb  5 21:31:01 UTC 2026] Backup exitoso: ecocanje_db_20260205_213101.sql
[Thu Feb  5 21:32:01 UTC 2026] Iniciando backup de ecocanje_db en postgres:5432 con usuario postgres
[Thu Feb  5 21:32:01 UTC 2026] Backup exitoso: ecocanje_db_20260205_213201.sql
[Thu Feb  5 21:33:01 UTC 2026] Iniciando backup de ecocanje_db en postgres:5432 con usuario postgres
[Thu Feb  5 21:33:01 UTC 2026] Backup exitoso: ecocanje_db_20260205_213301.sql
[Thu Feb  5 21:34:01 UTC 2026] Iniciando backup de ecocanje_db en postgres:5432 con usuario postgres
[Thu Feb  5 21:34:01 UTC 2026] Backup exitoso: ecocanje_db_20260205_213401.sql
[Thu Feb  5 21:35:01 UTC 2026] Iniciando backup de ecocanje_db en postgres:5432 con usuario postgres
[Thu Feb  5 21:35:01 UTC 2026] Backup exitoso: ecocanje_db_20260205_213501.sql
[Thu Feb  5 21:36:01 UTC 2026] Iniciando backup de ecocanje_db en postgres:5432 con usuario postgres
[Thu Feb  5 21:36:01 UTC 2026] Backup exitoso: ecocanje_db_20260205_213601.sql
[Thu Feb  5 21:37:01 UTC 2026] Iniciando backup de ecocanje_db en postgres:5432 con usuario postgres
[Thu Feb  5 21:37:01 UTC 2026] Backup exitoso: ecocanje_db_20260205_213701.sql
[Thu Feb  5 21:38:01 UTC 2026] Iniciando backup de ecocanje_db en postgres:5432 con usuario postgres
[Thu Feb  5 21:38:01 UTC 2026] Backup exitoso: ecocanje_db_20260205_213801.sql
[Thu Feb  5 21:39:01 UTC 2026] Iniciando backup de ecocanje_db en postgres:5432 con usuario postgres
[Thu Feb  5 21:39:01 UTC 2026] Backup exitoso: ecocanje_db_20260205_213901.sql
[Thu Feb  5 21:40:01 UTC 2026] Iniciando backup de ecocanje_db en postgres:5432 con usuario postgres
[Thu Feb  5 21:40:02 UTC 2026] Backup exitoso: ecocanje_db_20260205_214001.sql
[Thu Feb  5 21:41:01 UTC 2026] Iniciando backup de ecocanje_db en postgres:5432 con usuario postgres
[Thu Feb  5 21:41:01 UTC 2026] Backup exitoso: ecocanje_db_20260205_214101.sql
[Thu Feb  5 21:42:01 UTC 2026] Iniciando backup de ecocanje_db en postgres:5432 con usuario postgres
[Thu Feb  5 21:42:01 UTC 2026] Backup exitoso: ecocanje_db_20260205_214201.sql
[Thu Feb  5 21:43:01 UTC 2026] Iniciando backup de ecocanje_db en postgres:5432 con usuario postgres
[Thu Feb  5 21:43:02 UTC 2026] Backup exitoso: ecocanje_db_20260205_214301.sql
[Thu Feb  5 21:44:01 UTC 2026] Iniciando backup de ecocanje_db en postgres:5432 con usuario postgres
[Thu Feb  5 21:44:01 UTC 2026] Backup exitoso: ecocanje_db_20260205_214401.sql
[Thu Feb  5 21:45:01 UTC 2026] Iniciando backup de ecocanje_db en postgres:5432 con usuario postgres
[Thu Feb  5 21:45:01 UTC 2026] Backup exitoso: ecocanje_db_20260205_214501.sql
[Thu Feb  5 21:46:01 UTC 2026] Iniciando backup de ecocanje_db en postgres:5432 con usuario postgres
[Thu Feb  5 21:46:01 UTC 2026] Backup exitoso: ecocanje_db_20260205_214601.sql
[Thu Feb  5 21:47:01 UTC 2026] Iniciando backup de ecocanje_db en postgres:5432 con usuario postgres
[Thu Feb  5 21:47:01 UTC 2026] Backup exitoso: ecocanje_db_20260205_214701.sql
